[INFO] Scanning for projects...
[INFO]                                                                         
[INFO] ------------------------------------------------------------------------
[INFO] Building speednscale Data Access Objects 0.1
[INFO] ------------------------------------------------------------------------
[INFO] 
[INFO] --- maven-enforcer-plugin:1.3.1:enforce (enforce-versions) @ DAO ---
[INFO] 
[INFO] --- build-helper-maven-plugin:1.8:add-source (add-scala-sources) @ DAO ---
[INFO] Source directory: /Users/rao/Projects/DIT/DAO/src/main/scala added.
[INFO] 
[INFO] --- maven-resources-plugin:2.6:resources (default-resources) @ DAO ---
[INFO] Using 'UTF-8' encoding to copy filtered resources.
[INFO] Copying 6 resources
[INFO] 
[INFO] --- scala-maven-plugin:3.2.0:compile (scala-compile-first) @ DAO ---
[WARNING] Zinc server is not available at port 3030 - reverting to normal incremental compile
[INFO] Using incremental compilation
[INFO] compiler plugin: BasicArtifact(org.scalamacros,paradise_2.10.4,2.0.1,null)
[INFO] Compiling 2 Java sources to /Users/rao/Projects/DIT/DAO/target/classes...
[WARNING] warning: [options] bootstrap class path not set in conjunction with -source 1.7
[WARNING] 1 warning
[INFO] 
[INFO] --- maven-compiler-plugin:3.1:compile (default-compile) @ DAO ---
[INFO] Changes detected - recompiling the module!
[INFO] Compiling 2 source files to /Users/rao/Projects/DIT/DAO/target/classes
[INFO] 
[INFO] --- build-helper-maven-plugin:1.8:add-test-source (add-scala-test-sources) @ DAO ---
[INFO] Test Source directory: /Users/rao/Projects/DIT/DAO/src/test/scala added.
[INFO] 
[INFO] --- maven-resources-plugin:2.6:testResources (default-testResources) @ DAO ---
[INFO] Using 'UTF-8' encoding to copy filtered resources.
[INFO] Copying 5 resources
[INFO] 
[INFO] --- scala-maven-plugin:3.2.0:testCompile (scala-test-compile-first) @ DAO ---
[INFO] No sources to compile
[INFO] 
[INFO] --- maven-compiler-plugin:3.1:testCompile (default-testCompile) @ DAO ---
[INFO] Nothing to compile - all classes are up to date
[INFO] 
[INFO] --- maven-surefire-plugin:2.17:test (default-test) @ DAO ---
[INFO] 
[INFO] --- maven-jar-plugin:2.4:jar (default-jar) @ DAO ---
[INFO] Building jar: /Users/rao/Projects/DIT/DAO/target/DAO-0.1.jar
[INFO] 
[INFO] --- maven-source-plugin:2.2.1:jar-no-fork (create-source-jar) @ DAO ---
[INFO] Building jar: /Users/rao/Projects/DIT/DAO/target/DAO-0.1-sources.jar
[INFO] 
[INFO] --- scalastyle-maven-plugin:0.4.0:check (default) @ DAO ---
Saving to outputFile=/Users/rao/Projects/DIT/DAO/scalastyle-output.xml
Processed 0 file(s)
Found 0 errors
Found 0 warnings
Found 0 infos
Finished in 70 ms
[INFO] 
[INFO] >>> scala-maven-plugin:3.2.0:doc-jar (attach-scaladocs) > generate-sources @ DAO >>>
[INFO] 
[INFO] --- maven-enforcer-plugin:1.3.1:enforce (enforce-versions) @ DAO ---
[INFO] 
[INFO] --- build-helper-maven-plugin:1.8:add-source (add-scala-sources) @ DAO ---
[INFO] Source directory: /Users/rao/Projects/DIT/DAO/src/main/scala added.
[INFO] 
[INFO] <<< scala-maven-plugin:3.2.0:doc-jar (attach-scaladocs) < generate-sources @ DAO <<<
[INFO] 
[INFO] --- scala-maven-plugin:3.2.0:doc-jar (attach-scaladocs) @ DAO ---
Java HotSpot(TM) 64-Bit Server VM warning: ignoring option PermSize=64m; support was removed in 8.0
Java HotSpot(TM) 64-Bit Server VM warning: ignoring option MaxPermSize=512m; support was removed in 8.0
model contains 7 documentable templates
[INFO] Building jar: /Users/rao/Projects/DIT/DAO/target/DAO-0.1-javadoc.jar
[INFO] 
[INFO] --- maven-install-plugin:2.4:install (default-install) @ DAO ---
[INFO] Installing /Users/rao/Projects/DIT/DAO/target/DAO-0.1.jar to /Users/rao/.m2/repository/com/speednscale/data-ingestion-tool/DAO/0.1/DAO-0.1.jar
[INFO] Installing /Users/rao/Projects/DIT/DAO/pom.xml to /Users/rao/.m2/repository/com/speednscale/data-ingestion-tool/DAO/0.1/DAO-0.1.pom
[INFO] Installing /Users/rao/Projects/DIT/DAO/target/DAO-0.1-sources.jar to /Users/rao/.m2/repository/com/speednscale/data-ingestion-tool/DAO/0.1/DAO-0.1-sources.jar
[INFO] Installing /Users/rao/Projects/DIT/DAO/target/DAO-0.1-javadoc.jar to /Users/rao/.m2/repository/com/speednscale/data-ingestion-tool/DAO/0.1/DAO-0.1-javadoc.jar
[INFO] ------------------------------------------------------------------------
[INFO] BUILD SUCCESS
[INFO] ------------------------------------------------------------------------
[INFO] Total time: 19.222 s
[INFO] Finished at: 2015-02-23T20:23:23-08:00
[INFO] Final Memory: 33M/313M
[INFO] ------------------------------------------------------------------------
