[INFO] Scanning for projects...
[INFO]                                                                         
[INFO] ------------------------------------------------------------------------
[INFO] Building speednscale Data Ingestion 0.1
[INFO] ------------------------------------------------------------------------
[INFO] 
[INFO] --- maven-dependency-plugin:2.8:tree (default-cli) @ data-ingestion ---
[INFO] io.speednscale.data-ingestion-tool:data-ingestion:jar:0.1
[INFO] +- org.apache.spark:spark-core_2.10:jar:1.2.0-cdh5.3.1:provided
[INFO] |  +- io.twitter:chill_2.10:jar:0.3.6:provided
[INFO] |  |  \- io.esotericsoftware.kryo:kryo:jar:2.21:provided
[INFO] |  |     +- io.esotericsoftware.reflectasm:reflectasm:jar:shaded:1.07:provided
[INFO] |  |     +- io.esotericsoftware.minlog:minlog:jar:1.2:provided
[INFO] |  |     \- org.objenesis:objenesis:jar:1.2:provided
[INFO] |  +- io.twitter:chill-java:jar:0.3.6:provided
[INFO] |  +- org.apache.hadoop:hadoop-client:jar:2.5.0-cdh5.3.1:provided
[INFO] |  |  +- org.apache.hadoop:hadoop-hdfs:jar:2.5.0-cdh5.3.1:provided
[INFO] |  |  +- org.apache.hadoop:hadoop-mapreduce-client-app:jar:2.5.0-cdh5.3.1:provided
[INFO] |  |  |  +- org.apache.hadoop:hadoop-mapreduce-client-common:jar:2.5.0-cdh5.3.1:provided
[INFO] |  |  |  |  +- org.apache.hadoop:hadoop-yarn-client:jar:2.5.0-cdh5.3.1:provided
[INFO] |  |  |  |  |  \- io.sun.jersey:jersey-client:jar:1.9:provided
[INFO] |  |  |  |  \- org.apache.hadoop:hadoop-yarn-server-common:jar:2.5.0-cdh5.3.1:provided
[INFO] |  |  |  \- org.apache.hadoop:hadoop-mapreduce-client-shuffle:jar:2.5.0-cdh5.3.1:provided
[INFO] |  |  |     \- org.fusesource.leveldbjni:leveldbjni-all:jar:1.8:provided
[INFO] |  |  +- org.apache.hadoop:hadoop-yarn-api:jar:2.5.0-cdh5.3.1:provided
[INFO] |  |  +- org.apache.hadoop:hadoop-mapreduce-client-core:jar:2.5.0-cdh5.3.1:provided
[INFO] |  |  |  \- org.apache.hadoop:hadoop-yarn-common:jar:2.5.0-cdh5.3.1:provided
[INFO] |  |  |     \- javax.xml.bind:jaxb-api:jar:2.2.2:provided
[INFO] |  |  |        +- javax.xml.stream:stax-api:jar:1.0-2:provided
[INFO] |  |  |        \- javax.activation:activation:jar:1.1:provided
[INFO] |  |  +- org.apache.hadoop:hadoop-mapreduce-client-jobclient:jar:2.5.0-cdh5.3.1:provided
[INFO] |  |  \- org.apache.hadoop:hadoop-aws:jar:2.5.0-cdh5.3.1:provided
[INFO] |  |     +- io.fasterxml.jackson.core:jackson-annotations:jar:2.2.3:provided
[INFO] |  |     \- io.amazonaws:aws-java-sdk:jar:1.7.4:provided
[INFO] |  +- org.apache.spark:spark-network-common_2.10:jar:1.2.0-cdh5.3.1:provided
[INFO] |  +- org.apache.spark:spark-network-shuffle_2.10:jar:1.2.0-cdh5.3.1:provided
[INFO] |  +- net.java.dev.jets3t:jets3t:jar:0.7.1:provided
[INFO] |  +- org.apache.curator:curator-recipes:jar:2.4.0:provided
[INFO] |  |  \- org.apache.curator:curator-framework:jar:2.4.0:provided
[INFO] |  +- org.eclipse.jetty:jetty-plus:jar:8.1.14.v20131031:provided
[INFO] |  |  +- org.eclipse.jetty.orbit:javax.transaction:jar:1.1.1.v201105210645:provided
[INFO] |  |  +- org.eclipse.jetty:jetty-webapp:jar:8.1.14.v20131031:provided
[INFO] |  |  |  +- org.eclipse.jetty:jetty-xml:jar:8.1.14.v20131031:provided
[INFO] |  |  |  \- org.eclipse.jetty:jetty-servlet:jar:8.1.14.v20131031:provided
[INFO] |  |  \- org.eclipse.jetty:jetty-jndi:jar:8.1.14.v20131031:provided
[INFO] |  |     \- org.eclipse.jetty.orbit:javax.mail.glassfish:jar:1.4.1.v201005082020:provided
[INFO] |  |        \- org.eclipse.jetty.orbit:javax.activation:jar:1.1.0.v201105071233:provided
[INFO] |  +- org.eclipse.jetty:jetty-security:jar:8.1.14.v20131031:provided
[INFO] |  +- org.eclipse.jetty:jetty-util:jar:8.1.14.v20131031:provided
[INFO] |  +- org.eclipse.jetty:jetty-server:jar:8.1.14.v20131031:provided
[INFO] |  |  +- org.eclipse.jetty.orbit:javax.servlet:jar:3.0.0.v201112011016:provided
[INFO] |  |  +- org.eclipse.jetty:jetty-continuation:jar:8.1.14.v20131031:provided
[INFO] |  |  \- org.eclipse.jetty:jetty-http:jar:8.1.14.v20131031:provided
[INFO] |  |     \- org.eclipse.jetty:jetty-io:jar:8.1.14.v20131031:provided
[INFO] |  +- org.apache.commons:commons-lang3:jar:3.3.2:provided
[INFO] |  +- org.apache.commons:commons-math3:jar:3.3:test
[INFO] |  +- io.google.code.findbugs:jsr305:jar:2.0.1:provided
[INFO] |  +- org.slf4j:slf4j-api:jar:1.7.5:compile
[INFO] |  +- org.slf4j:jul-to-slf4j:jar:1.7.5:provided
[INFO] |  +- org.slf4j:jcl-over-slf4j:jar:1.7.5:provided
[INFO] |  +- log4j:log4j:jar:1.2.17:compile
[INFO] |  +- org.slf4j:slf4j-log4j12:jar:1.7.5:compile
[INFO] |  +- io.ning:compress-lzf:jar:1.0.0:provided
[INFO] |  +- org.xerial.snappy:snappy-java:jar:1.0.5.3:compile
[INFO] |  +- net.jpountz.lz4:lz4:jar:1.2.0:compile
[INFO] |  +- org.roaringbitmap:RoaringBitmap:jar:0.4.5:provided
[INFO] |  +- commons-net:commons-net:jar:2.2:provided
[INFO] |  +- org.spark-project.akka:akka-remote_2.10:jar:2.2.3-shaded-protobuf:provided
[INFO] |  |  +- org.spark-project.akka:akka-actor_2.10:jar:2.2.3-shaded-protobuf:provided
[INFO] |  |  |  \- io.typesafe:config:jar:1.0.2:provided
[INFO] |  |  +- org.spark-project.protobuf:protobuf-java:jar:2.4.1-shaded:compile
[INFO] |  |  \- org.uncommons.maths:uncommons-maths:jar:1.2.2a:provided
[INFO] |  +- org.spark-project.akka:akka-slf4j_2.10:jar:2.2.3-shaded-protobuf:provided
[INFO] |  +- org.scala-lang:scala-library:jar:2.10.4:compile
[INFO] |  +- org.json4s:json4s-jackson_2.10:jar:3.2.10:provided
[INFO] |  |  +- org.json4s:json4s-core_2.10:jar:3.2.10:provided
[INFO] |  |  |  +- org.json4s:json4s-ast_2.10:jar:3.2.10:provided
[INFO] |  |  |  \- org.scala-lang:scalap:jar:2.10.4:provided
[INFO] |  |  \- io.fasterxml.jackson.core:jackson-databind:jar:2.3.1:provided
[INFO] |  |     \- io.fasterxml.jackson.core:jackson-core:jar:2.3.1:provided
[INFO] |  +- org.apache.mesos:mesos:jar:shaded-protobuf:0.18.1:provided
[INFO] |  +- io.netty:netty-all:jar:4.0.23.Final:provided
[INFO] |  +- io.clearspring.analytics:stream:jar:2.7.0:provided
[INFO] |  +- io.codahale.metrics:metrics-core:jar:3.0.0:provided
[INFO] |  +- io.codahale.metrics:metrics-jvm:jar:3.0.0:provided
[INFO] |  +- io.codahale.metrics:metrics-json:jar:3.0.0:provided
[INFO] |  +- io.codahale.metrics:metrics-graphite:jar:3.0.0:provided
[INFO] |  +- org.tachyonproject:tachyon-client:jar:0.5.0:provided
[INFO] |  |  \- org.tachyonproject:tachyon:jar:0.5.0:provided
[INFO] |  +- org.spark-project:pyrolite:jar:2.0.1:provided
[INFO] |  +- net.sf.py4j:py4j:jar:0.8.2.1:provided
[INFO] |  \- org.spark-project.spark:unused:jar:1.0.0:compile
[INFO] +- org.apache.spark:spark-streaming_2.10:jar:1.2.0-cdh5.3.1:provided
[INFO] +- org.apache.spark:spark-mllib_2.10:jar:1.2.0-cdh5.3.1:provided
[INFO] |  +- org.apache.spark:spark-sql_2.10:jar:1.2.0-cdh5.3.1:provided
[INFO] |  |  +- org.apache.spark:spark-catalyst_2.10:jar:1.2.0-cdh5.3.1:provided
[INFO] |  |  |  \- org.scalamacros:quasiquotes_2.10:jar:2.0.1:provided
[INFO] |  |  +- io.twitter:parquet-column:jar:1.5.0-cdh5.3.1:provided
[INFO] |  |  |  +- io.twitter:parquet-common:jar:1.5.0-cdh5.3.1:provided
[INFO] |  |  |  \- io.twitter:parquet-encoding:jar:1.5.0-cdh5.3.1:provided
[INFO] |  |  |     \- io.twitter:parquet-generator:jar:1.5.0-cdh5.3.1:provided
[INFO] |  |  \- io.twitter:parquet-hadoop:jar:1.5.0-cdh5.3.1:provided
[INFO] |  |     +- io.twitter:parquet-format:jar:2.1.0-cdh5.3.1:provided
[INFO] |  |     \- io.twitter:parquet-jackson:jar:1.5.0-cdh5.3.1:provided
[INFO] |  +- org.jblas:jblas:jar:1.2.3:provided
[INFO] |  \- org.scalanlp:breeze_2.10:jar:0.10:provided
[INFO] |     +- org.scalanlp:breeze-macros_2.10:jar:0.3.1:provided
[INFO] |     +- io.github.fommil.netlib:core:jar:1.1.2:provided
[INFO] |     +- net.sourceforge.f2j:arpack_combined_all:jar:0.1:provided
[INFO] |     +- net.sf.opencsv:opencsv:jar:2.3:provided
[INFO] |     +- io.github.rwl:jtransforms:jar:2.4.0:provided
[INFO] |     \- org.spire-math:spire_2.10:jar:0.7.4:provided
[INFO] |        \- org.spire-math:spire-macros_2.10:jar:0.7.4:provided
[INFO] +- org.apache.spark:spark-bagel_2.10:jar:1.2.0-cdh5.3.1:provided
[INFO] +- org.apache.spark:spark-hive_2.10:jar:1.2.0-cdh5.3.1:provided
[INFO] |  +- org.apache.hive:hive-metastore:jar:0.13.1-cdh5.3.1:provided
[INFO] |  |  +- org.apache.hive:hive-shims:jar:0.13.1-cdh5.3.1:provided
[INFO] |  |  |  +- org.apache.hive.shims:hive-shims-common:jar:0.13.1-cdh5.3.1:provided
[INFO] |  |  |  +- org.apache.hive.shims:hive-shims-common-secure:jar:0.13.1-cdh5.3.1:provided
[INFO] |  |  |  +- org.apache.hive.shims:hive-shims-0.23:jar:0.13.1-cdh5.3.1:provided
[INFO] |  |  |  \- org.apache.hive.shims:hive-shims-scheduler:jar:0.13.1-cdh5.3.1:provided
[INFO] |  |  +- io.jolbox:bonecp:jar:0.8.0.RELEASE:provided
[INFO] |  |  +- commons-cli:commons-cli:jar:1.2:compile
[INFO] |  |  +- org.apache.derby:derby:jar:10.4.2.0:provided
[INFO] |  |  +- org.datanucleus:datanucleus-api-jdo:jar:3.2.6:provided
[INFO] |  |  +- org.datanucleus:datanucleus-core:jar:3.2.10:provided
[INFO] |  |  +- org.datanucleus:datanucleus-rdbms:jar:3.2.9:provided
[INFO] |  |  +- javax.jdo:jdo-api:jar:3.0.1:provided
[INFO] |  |  |  \- javax.transaction:jta:jar:1.1:provided
[INFO] |  |  +- org.antlr:antlr-runtime:jar:3.4:compile
[INFO] |  |  |  +- org.antlr:stringtemplate:jar:3.2.1:compile
[INFO] |  |  |  \- antlr:antlr:jar:2.7.7:compile
[INFO] |  |  +- org.apache.thrift:libfb303:jar:0.9.0:provided
[INFO] |  |  \- org.apache.thrift:libthrift:jar:0.9.0-cdh5-2:compile
[INFO] |  |     \- org.apache.httpcomponents:httpcore:jar:4.1.3:compile
[INFO] |  +- commons-httpclient:commons-httpclient:jar:3.1:provided
[INFO] |  +- org.apache.hive:hive-exec:jar:0.13.1-cdh5.3.1:provided
[INFO] |  |  +- org.apache.hive:hive-ant:jar:0.13.1-cdh5.3.1:provided
[INFO] |  |  |  \- org.apache.velocity:velocity:jar:1.5:provided
[INFO] |  |  |     \- oro:oro:jar:2.0.8:provided
[INFO] |  |  +- org.antlr:ST4:jar:4.0.4:provided
[INFO] |  |  +- org.apache.ant:ant:jar:1.9.1:provided
[INFO] |  |  |  \- org.apache.ant:ant-launcher:jar:1.9.1:provided
[INFO] |  |  +- org.apache.commons:commons-compress:jar:1.4.1:compile
[INFO] |  |  |  \- org.tukaani:xz:jar:1.0:compile
[INFO] |  |  +- org.codehaus.groovy:groovy-all:jar:2.1.6:provided
[INFO] |  |  \- stax:stax-api:jar:1.0.1:provided
[INFO] |  +- org.codehaus.jackson:jackson-mapper-asl:jar:1.8.8:compile
[INFO] |  |  \- org.codehaus.jackson:jackson-core-asl:jar:1.8.8:compile
[INFO] |  +- org.apache.hive:hive-serde:jar:0.13.1-cdh5.3.1:provided
[INFO] |  |  +- org.apache.hive:hive-common:jar:0.13.1-cdh5.3.1:provided
[INFO] |  |  \- io.sun.jersey:jersey-servlet:jar:1.14:provided
[INFO] |  |     \- io.sun.jersey:jersey-server:jar:1.14:provided
[INFO] |  |        \- asm:asm:jar:3.3.1:test
[INFO] |  +- org.apache.avro:avro:jar:1.7.6:compile
[INFO] |  |  \- io.thoughtworks.paranamer:paranamer:jar:2.3:compile
[INFO] |  \- org.apache.avro:avro-mapred:jar:1.7.6:provided
[INFO] |     +- org.apache.avro:avro-ipc:jar:1.7.6:compile
[INFO] |     \- org.apache.avro:avro-ipc:jar:tests:1.7.6:provided
[INFO] +- org.apache.spark:spark-graphx_2.10:jar:1.2.0-cdh5.3.1:provided
[INFO] +- org.apache.spark:spark-streaming-twitter_2.10:jar:1.2.0-cdh5.3.1:compile
[INFO] |  \- org.twitter4j:twitter4j-stream:jar:3.0.3:compile
[INFO] |     \- org.twitter4j:twitter4j-core:jar:3.0.3:compile
[INFO] +- org.apache.spark:spark-streaming-kafka_2.10:jar:1.2.0-cdh5.3.1:compile
[INFO] |  \- org.apache.kafka:kafka_2.10:jar:0.8.0:compile
[INFO] |     +- org.scala-lang:scala-compiler:jar:2.10.4:compile
[INFO] |     +- io.101tec:zkclient:jar:0.3:compile
[INFO] |     +- io.yammer.metrics:metrics-core:jar:2.2.0:compile
[INFO] |     \- io.yammer.metrics:metrics-annotation:jar:2.2.0:compile
[INFO] +- org.apache.spark:spark-streaming-flume_2.10:jar:1.2.0-cdh5.3.1:compile
[INFO] |  +- org.apache.spark:spark-streaming-flume-sink_2.10:jar:1.2.0-cdh5.3.1:compile
[INFO] |  +- org.apache.flume:flume-ng-core:jar:1.5.0-cdh5.3.1:compile
[INFO] |  |  +- org.apache.flume:flume-ng-configuration:jar:1.5.0-cdh5.3.1:compile
[INFO] |  |  +- joda-time:joda-time:jar:2.1:compile
[INFO] |  |  +- org.mortbay.jetty:jetty-util:jar:6.1.26.cloudera.4:compile
[INFO] |  |  +- org.mortbay.jetty:jetty:jar:6.1.26.cloudera.4:compile
[INFO] |  |  +- io.google.code.gson:gson:jar:2.2.4:compile
[INFO] |  |  \- org.apache.mina:mina-core:jar:2.0.4:compile
[INFO] |  \- org.apache.flume:flume-ng-sdk:jar:1.5.0-cdh5.3.1:compile
[INFO] +- org.apache.spark:spark-streaming-zeromq_2.10:jar:1.2.0-cdh5.3.1:compile
[INFO] |  \- org.spark-project.akka:akka-zeromq_2.10:jar:2.2.3-shaded-protobuf:compile
[INFO] |     \- org.zeromq:zeromq-scala-binding_2.10:jar:0.0.7:compile
[INFO] |        +- net.java.dev.jna:jna:jar:3.0.9:compile
[INFO] |        \- io.github.jnr:jnr-constants:jar:0.8.2:compile
[INFO] +- org.apache.spark:spark-streaming-mqtt_2.10:jar:1.2.0-cdh5.3.1:compile
[INFO] |  \- org.eclipse.paho:mqtt-client:jar:0.4.0:compile
[INFO] +- org.apache.hbase:hbase-client:jar:0.98.6-cdh5.3.1:provided
[INFO] |  +- org.apache.hbase:hbase-common:jar:0.98.6-cdh5.3.1:provided
[INFO] |  |  +- commons-collections:commons-collections:jar:3.2.1:provided
[INFO] |  |  \- org.apache.hadoop:hadoop-core:jar:2.5.0-mr1-cdh5.3.1:provided
[INFO] |  |     +- tomcat:jasper-runtime:jar:5.5.23:provided
[INFO] |  |     +- tomcat:jasper-compiler:jar:5.5.23:provided
[INFO] |  |     +- javax.servlet.jsp:jsp-api:jar:2.1:provided
[INFO] |  |     +- javax.servlet:servlet-api:jar:2.5:provided
[INFO] |  |     +- hsqldb:hsqldb:jar:1.8.0.10:provided
[INFO] |  |     \- org.eclipse.jdt:core:jar:3.1.1:provided
[INFO] |  +- org.apache.hbase:hbase-protocol:jar:0.98.6-cdh5.3.1:provided
[INFO] |  +- commons-codec:commons-codec:jar:1.5:compile
[INFO] |  +- commons-io:commons-io:jar:2.4:compile
[INFO] |  +- commons-lang:commons-lang:jar:2.6:compile
[INFO] |  +- commons-logging:commons-logging:jar:1.1.1:compile
[INFO] |  +- io.google.guava:guava:jar:14.0.1:compile
[INFO] |  +- io.google.protobuf:protobuf-java:jar:2.5.0:provided
[INFO] |  +- io.netty:netty:jar:3.6.6.Final:provided
[INFO] |  +- org.apache.zookeeper:zookeeper:jar:3.4.5-cdh5.3.1:provided
[INFO] |  +- org.cloudera.htrace:htrace-core:jar:2.04:provided
[INFO] |  +- org.apache.hadoop:hadoop-common:jar:2.5.0-cdh5.3.1:provided
[INFO] |  |  +- xmlenc:xmlenc:jar:0.52:provided
[INFO] |  |  +- io.sun.jersey:jersey-core:jar:1.9:provided
[INFO] |  |  +- io.sun.jersey:jersey-json:jar:1.9:provided
[INFO] |  |  |  +- org.codehaus.jettison:jettison:jar:1.1:provided
[INFO] |  |  |  +- io.sun.xml.bind:jaxb-impl:jar:2.2.3-1:provided
[INFO] |  |  |  +- org.codehaus.jackson:jackson-jaxrs:jar:1.8.3:provided
[INFO] |  |  |  \- org.codehaus.jackson:jackson-xc:jar:1.8.3:provided
[INFO] |  |  +- commons-el:commons-el:jar:1.0:provided
[INFO] |  |  +- commons-configuration:commons-configuration:jar:1.6:provided
[INFO] |  |  |  +- commons-digester:commons-digester:jar:1.8:provided
[INFO] |  |  |  |  \- commons-beanutils:commons-beanutils:jar:1.7.0:provided
[INFO] |  |  |  \- commons-beanutils:commons-beanutils-core:jar:1.8.0:provided
[INFO] |  |  +- io.jcraft:jsch:jar:0.1.42:provided
[INFO] |  |  \- org.apache.curator:curator-client:jar:2.6.0:provided
[INFO] |  +- org.apache.hadoop:hadoop-auth:jar:2.5.0-cdh5.3.1:provided
[INFO] |  |  +- org.apache.httpcomponents:httpclient:jar:4.2.5:compile
[INFO] |  |  \- org.apache.directory.server:apacheds-kerberos-codec:jar:2.0.0-M15:provided
[INFO] |  |     +- org.apache.directory.server:apacheds-i18n:jar:2.0.0-M15:provided
[INFO] |  |     +- org.apache.directory.api:api-asn1-api:jar:1.0.0-M20:provided
[INFO] |  |     \- org.apache.directory.api:api-util:jar:1.0.0-M20:provided
[INFO] |  +- org.apache.hadoop:hadoop-annotations:jar:2.5.0-cdh5.3.1:provided
[INFO] |  +- io.github.stephenc.findbugs:findbugs-annotations:jar:1.3.9-1:provided
[INFO] |  \- junit:junit:jar:4.10:test
[INFO] |     \- org.hamcrest:hamcrest-core:jar:1.1:test
[INFO] +- io.twitter:algebird-core_2.10:jar:0.1.11:compile
[INFO] |  \- io.googlecode.javaewah:JavaEWAH:jar:0.6.6:compile
[INFO] +- org.scalatest:scalatest_2.10:jar:2.1.5:test
[INFO] |  \- org.scala-lang:scala-reflect:jar:2.10.4:compile
[INFO] +- org.scalacheck:scalacheck_2.10:jar:1.11.3:test
[INFO] |  \- org.scala-sbt:test-interface:jar:1.0:test
[INFO] +- org.mockito:mockito-all:jar:1.9.5:test
[INFO] +- io.github.scopt:scopt_2.10:jar:3.2.0:compile
[INFO] +- io.speednscale.data-ingestion-tool:DAO:jar:0.1:compile
[INFO] |  +- io.google.inject:guice:jar:3.0:compile
[INFO] |  |  +- javax.inject:javax.inject:jar:1:compile
[INFO] |  |  \- aopalliance:aopalliance:jar:1.0:compile
[INFO] |  +- io.google.inject.extensions:guice-assistedinject:jar:3.0:compile
[INFO] |  \- org.apache.cassandra:cassandra-all:jar:1.2.6:compile
[INFO] |     +- org.antlr:antlr:jar:3.2:compile
[INFO] |     +- io.googlecode.json-simple:json-simple:jar:1.1:compile
[INFO] |     +- io.github.stephenc.high-scale-lib:high-scale-lib:jar:1.1.2:compile
[INFO] |     +- org.yaml:snakeyaml:jar:1.6:compile
[INFO] |     +- edu.stanford.ppl:snaptree:jar:0.1:compile
[INFO] |     +- org.mindrot:jbcrypt:jar:0.3m:compile
[INFO] |     +- org.apache.cassandra:cassandra-thrift:jar:1.2.6:compile
[INFO] |     \- io.github.stephenc:jamm:jar:0.2.5:compile
[INFO] \- io.speednscale.data-ingestion-tool:dit-record-models:jar:0.1:compile
[INFO] ------------------------------------------------------------------------
[INFO] BUILD SUCCESS
[INFO] ------------------------------------------------------------------------
[INFO] Total time: 1.979 s
[INFO] Finished at: 2015-02-23T14:15:03-08:00
[INFO] Final Memory: 25M/323M
[INFO] ------------------------------------------------------------------------
